Using pre-set license
Built from '2022.3/staging' branch; Version is '2022.3.8f1 (b5eafc012955) revision 11922172'; Using compiler version '192829333'; Build Type 'Release'
OS: 'Windows 10  (10.0.19045) 64bit Core' Language: 'en' Physical Memory: 49038 MB
BatchMode: 1, IsHumanControllingUs: 0, StartBugReporterOnCrash: 0, Is64bit: 1, IsPro: 1

COMMAND LINE ARGUMENTS:
D:\Unity\2022.3.8f1\Editor\Unity.exe
-adb2
-batchMode
-noUpm
-name
AssetImportWorker6
-projectPath
V:/Unbity Games/My project (1)
-logFile
Logs/AssetImportWorker6.log
-srvPort
60297
Successfully changed project path to: V:/Unbity Games/My project (1)
V:/Unbity Games/My project (1)
[UnityMemory] Configuration Parameters - Can be set up in boot.config
    "memorysetup-bucket-allocator-granularity=16"
    "memorysetup-bucket-allocator-bucket-count=8"
    "memorysetup-bucket-allocator-block-size=33554432"
    "memorysetup-bucket-allocator-block-count=8"
    "memorysetup-main-allocator-block-size=16777216"
    "memorysetup-thread-allocator-block-size=16777216"
    "memorysetup-gfx-main-allocator-block-size=16777216"
    "memorysetup-gfx-thread-allocator-block-size=16777216"
    "memorysetup-cache-allocator-block-size=4194304"
    "memorysetup-typetree-allocator-block-size=2097152"
    "memorysetup-profiler-bucket-allocator-granularity=16"
    "memorysetup-profiler-bucket-allocator-bucket-count=8"
    "memorysetup-profiler-bucket-allocator-block-size=33554432"
    "memorysetup-profiler-bucket-allocator-block-count=8"
    "memorysetup-profiler-allocator-block-size=16777216"
    "memorysetup-profiler-editor-allocator-block-size=1048576"
    "memorysetup-temp-allocator-size-main=16777216"
    "memorysetup-job-temp-allocator-block-size=2097152"
    "memorysetup-job-temp-allocator-block-size-background=1048576"
    "memorysetup-job-temp-allocator-reduction-small-platforms=262144"
    "memorysetup-allocator-temp-initial-block-size-main=262144"
    "memorysetup-allocator-temp-initial-block-size-worker=262144"
    "memorysetup-temp-allocator-size-background-worker=32768"
    "memorysetup-temp-allocator-size-job-worker=262144"
    "memorysetup-temp-allocator-size-preload-manager=33554432"
    "memorysetup-temp-allocator-size-nav-mesh-worker=65536"
    "memorysetup-temp-allocator-size-audio-worker=65536"
    "memorysetup-temp-allocator-size-cloud-worker=32768"
    "memorysetup-temp-allocator-size-gi-baking-worker=262144"
    "memorysetup-temp-allocator-size-gfx=262144"
Player connection [31516] Host "[IP] 169.254.166.255 [Port] 0 [Flags] 2 [Guid] 465842116 [EditorId] 465842116 [Version] 1048832 [Id] WindowsEditor(7,DESKTOP-T32B9SV) [Debug] 1 [PackageName] WindowsEditor [ProjectName] Editor" joined multi-casting on [225.0.0.222:54997]...

Player connection [31516] Host "[IP] 169.254.166.255 [Port] 0 [Flags] 2 [Guid] 465842116 [EditorId] 465842116 [Version] 1048832 [Id] WindowsEditor(7,DESKTOP-T32B9SV) [Debug] 1 [PackageName] WindowsEditor [ProjectName] Editor" joined alternative multi-casting on [225.0.0.222:34997]...

[Physics::Module] Initialized MultithreadedJobDispatcher with 15 workers.
Refreshing native plugins compatible for Editor in 60.62 ms, found 3 plugins.
Preloading 0 native plugins for Editor in 0.00 ms.
Initialize engine version: 2022.3.8f1 (b5eafc012955)
[Subsystems] Discovering subsystems at path D:/Unity/2022.3.8f1/Editor/Data/Resources/UnitySubsystems
[Subsystems] Discovering subsystems at path V:/Unbity Games/My project (1)/Assets
GfxDevice: creating device client; threaded=0; jobified=0
Direct3D:
    Version:  Direct3D 11.0 [level 11.1]
    Renderer: NVIDIA GeForce RTX 3070 (ID=0x2488)
    Vendor:   NVIDIA
    VRAM:     8031 MB
    Driver:   31.0.15.3734
Initialize mono
Mono path[0] = 'D:/Unity/2022.3.8f1/Editor/Data/Managed'
Mono path[1] = 'D:/Unity/2022.3.8f1/Editor/Data/MonoBleedingEdge/lib/mono/unityjit-win32'
Mono config path = 'D:/Unity/2022.3.8f1/Editor/Data/MonoBleedingEdge/etc'
Using monoOptions --debugger-agent=transport=dt_socket,embedding=1,server=y,suspend=n,address=127.0.0.1:56288
Begin MonoManager ReloadAssembly
Registering precompiled unity dll's ...
Register platform support module: D:/Unity/2022.3.8f1/Editor/Data/PlaybackEngines/WebGLSupport/UnityEditor.WebGL.Extensions.dll
Register platform support module: D:/Unity/2022.3.8f1/Editor/Data/PlaybackEngines/WindowsStandaloneSupport/UnityEditor.WindowsStandalone.Extensions.dll
Registered in 0.004508 seconds.
- Loaded All Assemblies, in  0.496 seconds
Native extension for WindowsStandalone target not found
Native extension for WebGL target not found
Mono: successfully reloaded assembly
- Finished resetting the current domain, in  0.200 seconds
Domain Reload Profiling: 695ms
	BeginReloadAssembly (82ms)
		ExecutionOrderSort (0ms)
		DisableScriptedObjects (0ms)
		BackupInstance (0ms)
		ReleaseScriptingObjects (0ms)
		CreateAndSetChildDomain (1ms)
	RebuildCommonClasses (121ms)
	RebuildNativeTypeToScriptingClass (8ms)
	initialDomainReloadingComplete (39ms)
	LoadAllAssembliesAndSetupDomain (245ms)
		LoadAssemblies (81ms)
		RebuildTransferFunctionScriptingTraits (0ms)
		AnalyzeDomain (244ms)
			TypeCache.Refresh (242ms)
				TypeCache.ScanAssembly (233ms)
			ScanForSourceGeneratedMonoScriptInfo (0ms)
			ResolveRequiredComponents (0ms)
	FinalizeReload (200ms)
		ReleaseScriptCaches (0ms)
		RebuildScriptCaches (0ms)
		SetupLoadedEditorAssemblies (154ms)
			LogAssemblyErrors (0ms)
			InitializePlatformSupportModulesInManaged (7ms)
			SetLoadedEditorAssemblies (4ms)
			RefreshPlugins (0ms)
			BeforeProcessingInitializeOnLoad (2ms)
			ProcessInitializeOnLoadAttributes (98ms)
			ProcessInitializeOnLoadMethodAttributes (44ms)
			AfterProcessingInitializeOnLoad (0ms)
			EditorAssembliesLoaded (0ms)
		ExecutionOrderSort2 (0ms)
		AwakeInstancesAfterBackupRestoration (0ms)
========================================================================
Worker process is ready to serve import requests
Begin MonoManager ReloadAssembly
- Loaded All Assemblies, in  0.464 seconds
Refreshing native plugins compatible for Editor in 1.60 ms, found 3 plugins.
Native extension for WindowsStandalone target not found
Native extension for WebGL target not found
Package Manager log level set to [2]
[Package Manager] Server::EnsureServerProcessIsRunning -- launch failed, reason: Unity was launched with the -noUpm command-line argument
[Package Manager] UpmClient::Send -- Unable to send message (not connected to UPM process).
[Package Manager] Cannot connect to Unity Package Manager local server
Mono: successfully reloaded assembly
- Finished resetting the current domain, in  0.388 seconds
Domain Reload Profiling: 851ms
	BeginReloadAssembly (116ms)
		ExecutionOrderSort (0ms)
		DisableScriptedObjects (4ms)
		BackupInstance (0ms)
		ReleaseScriptingObjects (0ms)
		CreateAndSetChildDomain (18ms)
	RebuildCommonClasses (24ms)
	RebuildNativeTypeToScriptingClass (8ms)
	initialDomainReloadingComplete (28ms)
	LoadAllAssembliesAndSetupDomain (287ms)
		LoadAssemblies (203ms)
		RebuildTransferFunctionScriptingTraits (0ms)
		AnalyzeDomain (155ms)
			TypeCache.Refresh (140ms)
				TypeCache.ScanAssembly (95ms)
			ScanForSourceGeneratedMonoScriptInfo (11ms)
			ResolveRequiredComponents (3ms)
	FinalizeReload (388ms)
		ReleaseScriptCaches (0ms)
		RebuildScriptCaches (0ms)
		SetupLoadedEditorAssemblies (281ms)
			LogAssemblyErrors (0ms)
			InitializePlatformSupportModulesInManaged (5ms)
			SetLoadedEditorAssemblies (2ms)
			RefreshPlugins (0ms)
			BeforeProcessingInitializeOnLoad (40ms)
			ProcessInitializeOnLoadAttributes (219ms)
			ProcessInitializeOnLoadMethodAttributes (14ms)
			AfterProcessingInitializeOnLoad (2ms)
			EditorAssembliesLoaded (0ms)
		ExecutionOrderSort2 (0ms)
		AwakeInstancesAfterBackupRestoration (5ms)
Launched and connected shader compiler UnityShaderCompiler.exe after 0.06 seconds
Refreshing native plugins compatible for Editor in 2.17 ms, found 3 plugins.
Preloading 0 native plugins for Editor in 0.00 ms.
Unloading 3072 Unused Serialized files (Serialized files now loaded: 0)
Unloading 31 unused Assets / (56.7 KB). Loaded Objects now: 3534.
Memory consumption went from 114.2 MB to 114.2 MB.
Total: 2.743900 ms (FindLiveObjects: 0.219900 ms CreateObjectMapping: 0.082600 ms MarkObjects: 2.359600 ms  DeleteObjects: 0.081100 ms)

AssetImportParameters requested are different than current active one (requested -> active):
  custom:container-demuxer-ogg: 62fdf1f143b41e24485cea50d1cbac27 -> 
  custom:video-decoder-ogg-theora: a1e56fd34408186e4bbccfd4996cb3dc -> 
  custom:framework-win-MediaFoundation: 216162199b28c13a410421893ffa2e32 -> 
  custom:scripting/monoscript/fileName/NewBehaviourScript.cs: b21687ddb03d73bd9f0c1daecb9714de -> 
  custom:CustomObjectIndexerAttribute: 756ad292c208cfabdd7b50bc23989ffe -> 
  custom:container-demuxer-webm: 4f35f7cbe854078d1ac9338744f61a02 -> 
  custom:container-muxer-webm: aa71ff27fc2769a1b78a27578f13a17b -> 
  custom:video-decoder-webm-vp8: 9c59270c3fd7afecdb556c50c9e8de78 -> 
  custom:SearchIndexIgnoredProperties: e643bd26f0fe6173181afceb89e7c659 -> 
  custom:AudioImporter_EditorPlatform: d09bf68614088b80899f8185d706f6e7 -> 
  custom:scripting/monoscript/fileName/MovingObjects.cs: 854be57a593bde74a27cc6a4e94cf976 -> b21687ddb03d73bd9f0c1daecb9714de
  custom:video-encoder-webm-vp8: eb34c28f22e8b96e1ab97ce403110664 -> 
  custom:audio-decoder-ogg-vorbis: bf7c407c2cedff20999df2af8eb42d56 -> 
  custom:scripting/monoscript/fileName/Bullet.cs: 48ff13ede6c310cc0acf4a30e818a1de -> 
  custom:audio-encoder-webm-vorbis: bf7c407c2cedff20999df2af8eb42d56 -> 
========================================================================
Received Import Request.
  Time since last request: 72687.040935 seconds.
  path: Assets/Fighter Planes Assets/Sprites/Coin/frame-2.png
  artifactKey: Guid(7a8617b879eb06b4bbe84a03ca79be4e) Importer(815301076,1909f56bfc062723c751e8b465ee728b)
Start importing Assets/Fighter Planes Assets/Sprites/Coin/frame-2.png using Guid(7a8617b879eb06b4bbe84a03ca79be4e) Importer(815301076,1909f56bfc062723c751e8b465ee728b)  -> (artifact id: '324f3886ce066b4cb441b647d4619f9f') in 0.048542 seconds
Number of updated asset objects reloaded before import = 0
Number of asset objects unloaded after import = 2
========================================================================
Received Import Request.
  Time since last request: 3.634632 seconds.
  path: Assets/Fighter Planes Assets/Sprites/Explosion/Explosion_00001.png
  artifactKey: Guid(8ba9a372a1c31dc498f8c90925d37f8f) Importer(815301076,1909f56bfc062723c751e8b465ee728b)
Start importing Assets/Fighter Planes Assets/Sprites/Explosion/Explosion_00001.png using Guid(8ba9a372a1c31dc498f8c90925d37f8f) Importer(815301076,1909f56bfc062723c751e8b465ee728b)  -> (artifact id: '24bea19ea805173185d08beb7d6b9ac5') in 0.009294 seconds
Number of updated asset objects reloaded before import = 0
Number of asset objects unloaded after import = 2
========================================================================
Received Import Request.
  Time since last request: 0.002652 seconds.
  path: Assets/Fighter Planes Assets/Sprites/Explosion/Explosion_00004.png
  artifactKey: Guid(76834a670080f0148a61c508bb329aff) Importer(815301076,1909f56bfc062723c751e8b465ee728b)
Start importing Assets/Fighter Planes Assets/Sprites/Explosion/Explosion_00004.png using Guid(76834a670080f0148a61c508bb329aff) Importer(815301076,1909f56bfc062723c751e8b465ee728b)  -> (artifact id: 'e9e065661c11fa3abaeff09aea1d9f7a') in 0.005257 seconds
Number of updated asset objects reloaded before import = 0
Number of asset objects unloaded after import = 2
========================================================================
Received Import Request.
  Time since last request: 0.002427 seconds.
  path: Assets/Fighter Planes Assets/Sprites/Explosion/Explosion_00006.png
  artifactKey: Guid(4f8801e3a533598459a6f3985d485b2c) Importer(815301076,1909f56bfc062723c751e8b465ee728b)
Start importing Assets/Fighter Planes Assets/Sprites/Explosion/Explosion_00006.png using Guid(4f8801e3a533598459a6f3985d485b2c) Importer(815301076,1909f56bfc062723c751e8b465ee728b)  -> (artifact id: 'a5569d89c68a17ad1b95633f1ec5b495') in 0.008933 seconds
Number of updated asset objects reloaded before import = 0
Number of asset objects unloaded after import = 2
========================================================================
Received Import Request.
  Time since last request: 0.003220 seconds.
  path: Assets/Fighter Planes Assets/Sprites/Explosion/Explosion_00009.png
  artifactKey: Guid(8f6a8fa3b232d4841b718325ef0db15e) Importer(815301076,1909f56bfc062723c751e8b465ee728b)
Start importing Assets/Fighter Planes Assets/Sprites/Explosion/Explosion_00009.png using Guid(8f6a8fa3b232d4841b718325ef0db15e) Importer(815301076,1909f56bfc062723c751e8b465ee728b)  -> (artifact id: '1b6583892eec6e86bf9b111af18d08af') in 0.009491 seconds
Number of updated asset objects reloaded before import = 0
Number of asset objects unloaded after import = 2
========================================================================
Received Import Request.
  Time since last request: 0.003405 seconds.
  path: Assets/Fighter Planes Assets/Sprites/Explosion/Explosion_00012.png
  artifactKey: Guid(e935a0025d043b246a9cdc711b3ade5a) Importer(815301076,1909f56bfc062723c751e8b465ee728b)
Start importing Assets/Fighter Planes Assets/Sprites/Explosion/Explosion_00012.png using Guid(e935a0025d043b246a9cdc711b3ade5a) Importer(815301076,1909f56bfc062723c751e8b465ee728b)  -> (artifact id: '4c00f0d35d1f07fb6baf271f9c4c7dae') in 0.009746 seconds
Number of updated asset objects reloaded before import = 0
Number of asset objects unloaded after import = 2
========================================================================
Received Import Request.
  Time since last request: 0.003072 seconds.
  path: Assets/Fighter Planes Assets/Sprites/Explosion/Explosion_00015.png
  artifactKey: Guid(e85deb58ff1d4684a8b9158ae8e490cc) Importer(815301076,1909f56bfc062723c751e8b465ee728b)
Start importing Assets/Fighter Planes Assets/Sprites/Explosion/Explosion_00015.png using Guid(e85deb58ff1d4684a8b9158ae8e490cc) Importer(815301076,1909f56bfc062723c751e8b465ee728b)  -> (artifact id: '88fe9008105cc2a19b5a9d80b5123284') in 0.009442 seconds
Number of updated asset objects reloaded before import = 0
Number of asset objects unloaded after import = 2
========================================================================
Received Import Request.
  Time since last request: 0.003293 seconds.
  path: Assets/Fighter Planes Assets/Sprites/Explosion/Explosion_00018.png
  artifactKey: Guid(4d78bc1acb919ca48b6c5cf32f43a574) Importer(815301076,1909f56bfc062723c751e8b465ee728b)
Start importing Assets/Fighter Planes Assets/Sprites/Explosion/Explosion_00018.png using Guid(4d78bc1acb919ca48b6c5cf32f43a574) Importer(815301076,1909f56bfc062723c751e8b465ee728b)  -> (artifact id: '73dc78f909d5912d29c13ccb77f12132') in 0.010434 seconds
Number of updated asset objects reloaded before import = 0
Number of asset objects unloaded after import = 2
========================================================================
Received Import Request.
  Time since last request: 0.001943 seconds.
  path: Assets/Fighter Planes Assets/Sprites/Explosion/Explosion_00021.png
  artifactKey: Guid(6d9bd7d6b097ea4479ff27e9a95ba336) Importer(815301076,1909f56bfc062723c751e8b465ee728b)
Start importing Assets/Fighter Planes Assets/Sprites/Explosion/Explosion_00021.png using Guid(6d9bd7d6b097ea4479ff27e9a95ba336) Importer(815301076,1909f56bfc062723c751e8b465ee728b)  -> (artifact id: '0b8f0967604b7b1a7ead12dc946535ee') in 0.010071 seconds
Number of updated asset objects reloaded before import = 0
Number of asset objects unloaded after import = 2
========================================================================
Received Import Request.
  Time since last request: 0.002761 seconds.
  path: Assets/Fighter Planes Assets/Sprites/Explosion/Explosion_00024.png
  artifactKey: Guid(3f5cd95071c15ea46a5aeb66c425b606) Importer(815301076,1909f56bfc062723c751e8b465ee728b)
Start importing Assets/Fighter Planes Assets/Sprites/Explosion/Explosion_00024.png using Guid(3f5cd95071c15ea46a5aeb66c425b606) Importer(815301076,1909f56bfc062723c751e8b465ee728b)  -> (artifact id: 'b2f55fcd4d431f31eb7f2205cc71fd11') in 0.010190 seconds
Number of updated asset objects reloaded before import = 0
Number of asset objects unloaded after import = 2
========================================================================
Received Import Request.
  Time since last request: 0.002314 seconds.
  path: Assets/Fighter Planes Assets/Sprites/Explosion/Explosion_00027.png
  artifactKey: Guid(a38f56d3495b88247ba648c3121614b7) Importer(815301076,1909f56bfc062723c751e8b465ee728b)
Start importing Assets/Fighter Planes Assets/Sprites/Explosion/Explosion_00027.png using Guid(a38f56d3495b88247ba648c3121614b7) Importer(815301076,1909f56bfc062723c751e8b465ee728b)  -> (artifact id: '9ea249367ef3bd8f9664f346dd446cf8') in 0.010122 seconds
Number of updated asset objects reloaded before import = 0
Number of asset objects unloaded after import = 2
========================================================================
Received Import Request.
  Time since last request: 0.003029 seconds.
  path: Assets/Fighter Planes Assets/Sprites/Explosion/Explosion_00030.png
  artifactKey: Guid(bd7a7e25021a55242ae6f92d4722a25e) Importer(815301076,1909f56bfc062723c751e8b465ee728b)
Start importing Assets/Fighter Planes Assets/Sprites/Explosion/Explosion_00030.png using Guid(bd7a7e25021a55242ae6f92d4722a25e) Importer(815301076,1909f56bfc062723c751e8b465ee728b)  -> (artifact id: 'e5967e7b083f07f8af703fa427aaf081') in 0.010360 seconds
Number of updated asset objects reloaded before import = 0
Number of asset objects unloaded after import = 2
========================================================================
Received Import Request.
  Time since last request: 0.002601 seconds.
  path: Assets/Fighter Planes Assets/Sprites/Explosion/Explosion_00033.png
  artifactKey: Guid(5e88f12fb7f7b8346be900e50d4d9d97) Importer(815301076,1909f56bfc062723c751e8b465ee728b)
Start importing Assets/Fighter Planes Assets/Sprites/Explosion/Explosion_00033.png using Guid(5e88f12fb7f7b8346be900e50d4d9d97) Importer(815301076,1909f56bfc062723c751e8b465ee728b)  -> (artifact id: '44beb2f56eeeec49822e487bda55512d') in 0.011348 seconds
Number of updated asset objects reloaded before import = 0
Number of asset objects unloaded after import = 2
========================================================================
Received Import Request.
  Time since last request: 0.002024 seconds.
  path: Assets/Fighter Planes Assets/Sprites/Explosion/Explosion_00036.png
  artifactKey: Guid(fdfd336b610fd9f4c9ef3de3dac6cfdd) Importer(815301076,1909f56bfc062723c751e8b465ee728b)
Start importing Assets/Fighter Planes Assets/Sprites/Explosion/Explosion_00036.png using Guid(fdfd336b610fd9f4c9ef3de3dac6cfdd) Importer(815301076,1909f56bfc062723c751e8b465ee728b)  -> (artifact id: '6bef21a275c749ba7630bca2a6175f81') in 0.010691 seconds
Number of updated asset objects reloaded before import = 0
Number of asset objects unloaded after import = 2
========================================================================
Received Import Request.
  Time since last request: 0.002943 seconds.
  path: Assets/Fighter Planes Assets/Sprites/Explosion/Explosion_00039.png
  artifactKey: Guid(ec5e928a24c42b841932238d2609944a) Importer(815301076,1909f56bfc062723c751e8b465ee728b)
Start importing Assets/Fighter Planes Assets/Sprites/Explosion/Explosion_00039.png using Guid(ec5e928a24c42b841932238d2609944a) Importer(815301076,1909f56bfc062723c751e8b465ee728b)  -> (artifact id: '8a87b122e90aec88d4090aadbcaa73b6') in 0.010415 seconds
Number of updated asset objects reloaded before import = 0
Number of asset objects unloaded after import = 2
========================================================================
Received Import Request.
  Time since last request: 0.003932 seconds.
  path: Assets/Fighter Planes Assets/Sprites/Explosion/Explosion_00042.png
  artifactKey: Guid(69a1c5cd5d62c7e40a50e8a8d7734068) Importer(815301076,1909f56bfc062723c751e8b465ee728b)
Start importing Assets/Fighter Planes Assets/Sprites/Explosion/Explosion_00042.png using Guid(69a1c5cd5d62c7e40a50e8a8d7734068) Importer(815301076,1909f56bfc062723c751e8b465ee728b)  -> (artifact id: '44df8c70853fd1cb875be76f531dc2a1') in 0.012151 seconds
Number of updated asset objects reloaded before import = 0
Number of asset objects unloaded after import = 2
========================================================================
Received Import Request.
  Time since last request: 0.000835 seconds.
  path: Assets/Fighter Planes Assets/Sprites/Explosion/Explosion_00045.png
  artifactKey: Guid(0f9a9c987e855c949a6ffb04111b25c2) Importer(815301076,1909f56bfc062723c751e8b465ee728b)
Start importing Assets/Fighter Planes Assets/Sprites/Explosion/Explosion_00045.png using Guid(0f9a9c987e855c949a6ffb04111b25c2) Importer(815301076,1909f56bfc062723c751e8b465ee728b)  -> (artifact id: '7de986f3e206488b48224d28b47be207') in 0.011326 seconds
Number of updated asset objects reloaded before import = 0
Number of asset objects unloaded after import = 2
========================================================================
Received Import Request.
  Time since last request: 3.221199 seconds.
  path: Assets/Fighter Planes Assets/Sprites/Power Ups/frame-2.png
  artifactKey: Guid(717b9fb818eae314e9bc4565521b6988) Importer(815301076,1909f56bfc062723c751e8b465ee728b)
Start importing Assets/Fighter Planes Assets/Sprites/Power Ups/frame-2.png using Guid(717b9fb818eae314e9bc4565521b6988) Importer(815301076,1909f56bfc062723c751e8b465ee728b)  -> (artifact id: 'da4211095ce1b45942140906489c3ff2') in 0.010641 seconds
Number of updated asset objects reloaded before import = 0
Number of asset objects unloaded after import = 2
========================================================================
Received Import Request.
  Time since last request: 0.005451 seconds.
  path: Assets/Fighter Planes Assets/Sprites/Power Ups/frame-6.png
  artifactKey: Guid(689eb817ecb365649aa93a00897ac7e0) Importer(815301076,1909f56bfc062723c751e8b465ee728b)
Start importing Assets/Fighter Planes Assets/Sprites/Power Ups/frame-6.png using Guid(689eb817ecb365649aa93a00897ac7e0) Importer(815301076,1909f56bfc062723c751e8b465ee728b)  -> (artifact id: '3a8beb17315ed11846a11d85ab1bd65e') in 0.012455 seconds
Number of updated asset objects reloaded before import = 0
Number of asset objects unloaded after import = 2
========================================================================
Received Import Request.
  Time since last request: 0.000237 seconds.
  path: Assets/Fighter Planes Assets/Sprites/Power Ups/frame-9.png
  artifactKey: Guid(872d59d3d49c6ac4c9d178b9824e6f10) Importer(815301076,1909f56bfc062723c751e8b465ee728b)
Start importing Assets/Fighter Planes Assets/Sprites/Power Ups/frame-9.png using Guid(872d59d3d49c6ac4c9d178b9824e6f10) Importer(815301076,1909f56bfc062723c751e8b465ee728b)  -> (artifact id: '3e417b993f1b84f98d07942db622694d') in 0.011117 seconds
Number of updated asset objects reloaded before import = 0
Number of asset objects unloaded after import = 2
========================================================================
Received Import Request.
  Time since last request: 49.857627 seconds.
  path: Assets/Fighter Planes Assets/Sprites/Player_Shield/Shields_00001.png
  artifactKey: Guid(dda14275f3e5dc542a59f847d2568bd7) Importer(815301076,1909f56bfc062723c751e8b465ee728b)
Start importing Assets/Fighter Planes Assets/Sprites/Player_Shield/Shields_00001.png using Guid(dda14275f3e5dc542a59f847d2568bd7) Importer(815301076,1909f56bfc062723c751e8b465ee728b)  -> (artifact id: 'fcc8a744d6a8a1131a5b7e51b709b03d') in 0.011843 seconds
Number of updated asset objects reloaded before import = 0
Number of asset objects unloaded after import = 2
========================================================================
Received Import Request.
  Time since last request: 0.000342 seconds.
  path: Assets/Fighter Planes Assets/Sprites/Player_Shield/Shields_00004.png
  artifactKey: Guid(21b92cc10cb85ba4c995dbb77082f330) Importer(815301076,1909f56bfc062723c751e8b465ee728b)
Start importing Assets/Fighter Planes Assets/Sprites/Player_Shield/Shields_00004.png using Guid(21b92cc10cb85ba4c995dbb77082f330) Importer(815301076,1909f56bfc062723c751e8b465ee728b)  -> (artifact id: '8cae38f49fd26a7e94973e5e73809d26') in 0.010413 seconds
Number of updated asset objects reloaded before import = 0
Number of asset objects unloaded after import = 2
========================================================================
Received Import Request.
  Time since last request: 0.002391 seconds.
  path: Assets/Fighter Planes Assets/Sprites/Player_Shield/Shields_00007.png
  artifactKey: Guid(e01dc0b86341dd74dab9156047efec25) Importer(815301076,1909f56bfc062723c751e8b465ee728b)
Start importing Assets/Fighter Planes Assets/Sprites/Player_Shield/Shields_00007.png using Guid(e01dc0b86341dd74dab9156047efec25) Importer(815301076,1909f56bfc062723c751e8b465ee728b)  -> (artifact id: '6b5628d70342d7d5a1a0f69dae3c82f8') in 0.010606 seconds
Number of updated asset objects reloaded before import = 0
Number of asset objects unloaded after import = 2
========================================================================
Received Import Request.
  Time since last request: 0.003208 seconds.
  path: Assets/Fighter Planes Assets/Sprites/Player_Shield/Shields_00010.png
  artifactKey: Guid(5950c2e92d07f8c40a758ba82f4275bf) Importer(815301076,1909f56bfc062723c751e8b465ee728b)
Start importing Assets/Fighter Planes Assets/Sprites/Player_Shield/Shields_00010.png using Guid(5950c2e92d07f8c40a758ba82f4275bf) Importer(815301076,1909f56bfc062723c751e8b465ee728b)  -> (artifact id: 'd675118efee852863a0de758da7eb090') in 0.011006 seconds
Number of updated asset objects reloaded before import = 0
Number of asset objects unloaded after import = 2
========================================================================
Received Import Request.
  Time since last request: 0.001586 seconds.
  path: Assets/Fighter Planes Assets/Sprites/Player_Shield/Shields_00013.png
  artifactKey: Guid(8b66e454e59b3c64481bcb3157678451) Importer(815301076,1909f56bfc062723c751e8b465ee728b)
Start importing Assets/Fighter Planes Assets/Sprites/Player_Shield/Shields_00013.png using Guid(8b66e454e59b3c64481bcb3157678451) Importer(815301076,1909f56bfc062723c751e8b465ee728b)  -> (artifact id: '9fc2aa88073edea6ca4a2c03bcda9f3d') in 0.010262 seconds
Number of updated asset objects reloaded before import = 0
Number of asset objects unloaded after import = 2
Editor requested this worker to shutdown with reason: Scaling down because of idle timeout
TcpMessagingSession - receive error: operation aborted. errorcode: 995, details: The I/O operation has been aborted because of either a thread exit or an application request.
AssetImportWorker is now disconnected from the server
Process exiting
Exiting without the bug reporter. Application will terminate with return code 0