Using pre-set license
Built from '2022.3/staging' branch; Version is '2022.3.8f1 (b5eafc012955) revision 11922172'; Using compiler version '192829333'; Build Type 'Release'
OS: 'Windows 10  (10.0.19045) 64bit Core' Language: 'en' Physical Memory: 49038 MB
BatchMode: 1, IsHumanControllingUs: 0, StartBugReporterOnCrash: 0, Is64bit: 1, IsPro: 1

COMMAND LINE ARGUMENTS:
D:\Unity\2022.3.8f1\Editor\Unity.exe
-adb2
-batchMode
-noUpm
-name
AssetImportWorker11
-projectPath
V:/Unbity Games/My project (1)
-logFile
Logs/AssetImportWorker11.log
-srvPort
60297
Successfully changed project path to: V:/Unbity Games/My project (1)
V:/Unbity Games/My project (1)
[UnityMemory] Configuration Parameters - Can be set up in boot.config
    "memorysetup-bucket-allocator-granularity=16"
    "memorysetup-bucket-allocator-bucket-count=8"
    "memorysetup-bucket-allocator-block-size=33554432"
    "memorysetup-bucket-allocator-block-count=8"
    "memorysetup-main-allocator-block-size=16777216"
    "memorysetup-thread-allocator-block-size=16777216"
    "memorysetup-gfx-main-allocator-block-size=16777216"
    "memorysetup-gfx-thread-allocator-block-size=16777216"
    "memorysetup-cache-allocator-block-size=4194304"
    "memorysetup-typetree-allocator-block-size=2097152"
    "memorysetup-profiler-bucket-allocator-granularity=16"
    "memorysetup-profiler-bucket-allocator-bucket-count=8"
    "memorysetup-profiler-bucket-allocator-block-size=33554432"
    "memorysetup-profiler-bucket-allocator-block-count=8"
    "memorysetup-profiler-allocator-block-size=16777216"
    "memorysetup-profiler-editor-allocator-block-size=1048576"
    "memorysetup-temp-allocator-size-main=16777216"
    "memorysetup-job-temp-allocator-block-size=2097152"
    "memorysetup-job-temp-allocator-block-size-background=1048576"
    "memorysetup-job-temp-allocator-reduction-small-platforms=262144"
    "memorysetup-allocator-temp-initial-block-size-main=262144"
    "memorysetup-allocator-temp-initial-block-size-worker=262144"
    "memorysetup-temp-allocator-size-background-worker=32768"
    "memorysetup-temp-allocator-size-job-worker=262144"
    "memorysetup-temp-allocator-size-preload-manager=33554432"
    "memorysetup-temp-allocator-size-nav-mesh-worker=65536"
    "memorysetup-temp-allocator-size-audio-worker=65536"
    "memorysetup-temp-allocator-size-cloud-worker=32768"
    "memorysetup-temp-allocator-size-gi-baking-worker=262144"
    "memorysetup-temp-allocator-size-gfx=262144"
Player connection [7860] Host "[IP] 169.254.166.255 [Port] 0 [Flags] 2 [Guid] 3772193568 [EditorId] 3772193568 [Version] 1048832 [Id] WindowsEditor(7,DESKTOP-T32B9SV) [Debug] 1 [PackageName] WindowsEditor [ProjectName] Editor" joined multi-casting on [225.0.0.222:54997]...

Player connection [7860] Host "[IP] 169.254.166.255 [Port] 0 [Flags] 2 [Guid] 3772193568 [EditorId] 3772193568 [Version] 1048832 [Id] WindowsEditor(7,DESKTOP-T32B9SV) [Debug] 1 [PackageName] WindowsEditor [ProjectName] Editor" joined alternative multi-casting on [225.0.0.222:34997]...

[Physics::Module] Initialized MultithreadedJobDispatcher with 15 workers.
Refreshing native plugins compatible for Editor in 73.62 ms, found 3 plugins.
Preloading 0 native plugins for Editor in 0.00 ms.
Initialize engine version: 2022.3.8f1 (b5eafc012955)
[Subsystems] Discovering subsystems at path D:/Unity/2022.3.8f1/Editor/Data/Resources/UnitySubsystems
[Subsystems] Discovering subsystems at path V:/Unbity Games/My project (1)/Assets
GfxDevice: creating device client; threaded=0; jobified=0
Direct3D:
    Version:  Direct3D 11.0 [level 11.1]
    Renderer: NVIDIA GeForce RTX 3070 (ID=0x2488)
    Vendor:   NVIDIA
    VRAM:     8031 MB
    Driver:   31.0.15.3734
Initialize mono
Mono path[0] = 'D:/Unity/2022.3.8f1/Editor/Data/Managed'
Mono path[1] = 'D:/Unity/2022.3.8f1/Editor/Data/MonoBleedingEdge/lib/mono/unityjit-win32'
Mono config path = 'D:/Unity/2022.3.8f1/Editor/Data/MonoBleedingEdge/etc'
Using monoOptions --debugger-agent=transport=dt_socket,embedding=1,server=y,suspend=n,address=127.0.0.1:56428
Begin MonoManager ReloadAssembly
Registering precompiled unity dll's ...
Register platform support module: D:/Unity/2022.3.8f1/Editor/Data/PlaybackEngines/WebGLSupport/UnityEditor.WebGL.Extensions.dll
Register platform support module: D:/Unity/2022.3.8f1/Editor/Data/PlaybackEngines/WindowsStandaloneSupport/UnityEditor.WindowsStandalone.Extensions.dll
Registered in 0.003962 seconds.
- Loaded All Assemblies, in  0.612 seconds
Native extension for WindowsStandalone target not found
Native extension for WebGL target not found
Mono: successfully reloaded assembly
- Finished resetting the current domain, in  0.225 seconds
Domain Reload Profiling: 838ms
	BeginReloadAssembly (98ms)
		ExecutionOrderSort (0ms)
		DisableScriptedObjects (0ms)
		BackupInstance (0ms)
		ReleaseScriptingObjects (0ms)
		CreateAndSetChildDomain (1ms)
	RebuildCommonClasses (148ms)
	RebuildNativeTypeToScriptingClass (8ms)
	initialDomainReloadingComplete (50ms)
	LoadAllAssembliesAndSetupDomain (308ms)
		LoadAssemblies (98ms)
		RebuildTransferFunctionScriptingTraits (0ms)
		AnalyzeDomain (306ms)
			TypeCache.Refresh (304ms)
				TypeCache.ScanAssembly (293ms)
			ScanForSourceGeneratedMonoScriptInfo (0ms)
			ResolveRequiredComponents (0ms)
	FinalizeReload (226ms)
		ReleaseScriptCaches (0ms)
		RebuildScriptCaches (0ms)
		SetupLoadedEditorAssemblies (173ms)
			LogAssemblyErrors (0ms)
			InitializePlatformSupportModulesInManaged (7ms)
			SetLoadedEditorAssemblies (5ms)
			RefreshPlugins (0ms)
			BeforeProcessingInitializeOnLoad (2ms)
			ProcessInitializeOnLoadAttributes (118ms)
			ProcessInitializeOnLoadMethodAttributes (41ms)
			AfterProcessingInitializeOnLoad (0ms)
			EditorAssembliesLoaded (0ms)
		ExecutionOrderSort2 (0ms)
		AwakeInstancesAfterBackupRestoration (0ms)
========================================================================
Worker process is ready to serve import requests
Begin MonoManager ReloadAssembly
- Loaded All Assemblies, in  0.551 seconds
Refreshing native plugins compatible for Editor in 1.60 ms, found 3 plugins.
Native extension for WindowsStandalone target not found
Native extension for WebGL target not found
Package Manager log level set to [2]
[Package Manager] Server::EnsureServerProcessIsRunning -- launch failed, reason: Unity was launched with the -noUpm command-line argument
[Package Manager] UpmClient::Send -- Unable to send message (not connected to UPM process).
[Package Manager] Cannot connect to Unity Package Manager local server
Mono: successfully reloaded assembly
- Finished resetting the current domain, in  0.488 seconds
Domain Reload Profiling: 1039ms
	BeginReloadAssembly (135ms)
		ExecutionOrderSort (0ms)
		DisableScriptedObjects (5ms)
		BackupInstance (0ms)
		ReleaseScriptingObjects (0ms)
		CreateAndSetChildDomain (24ms)
	RebuildCommonClasses (28ms)
	RebuildNativeTypeToScriptingClass (8ms)
	initialDomainReloadingComplete (33ms)
	LoadAllAssembliesAndSetupDomain (347ms)
		LoadAssemblies (237ms)
		RebuildTransferFunctionScriptingTraits (0ms)
		AnalyzeDomain (187ms)
			TypeCache.Refresh (169ms)
				TypeCache.ScanAssembly (113ms)
			ScanForSourceGeneratedMonoScriptInfo (13ms)
			ResolveRequiredComponents (5ms)
	FinalizeReload (488ms)
		ReleaseScriptCaches (0ms)
		RebuildScriptCaches (0ms)
		SetupLoadedEditorAssemblies (349ms)
			LogAssemblyErrors (0ms)
			InitializePlatformSupportModulesInManaged (6ms)
			SetLoadedEditorAssemblies (4ms)
			RefreshPlugins (0ms)
			BeforeProcessingInitializeOnLoad (48ms)
			ProcessInitializeOnLoadAttributes (272ms)
			ProcessInitializeOnLoadMethodAttributes (17ms)
			AfterProcessingInitializeOnLoad (3ms)
			EditorAssembliesLoaded (0ms)
		ExecutionOrderSort2 (0ms)
		AwakeInstancesAfterBackupRestoration (6ms)
Launched and connected shader compiler UnityShaderCompiler.exe after 0.08 seconds
Refreshing native plugins compatible for Editor in 2.53 ms, found 3 plugins.
Preloading 0 native plugins for Editor in 0.00 ms.
Unloading 3089 Unused Serialized files (Serialized files now loaded: 0)
Unloading 31 unused Assets / (56.4 KB). Loaded Objects now: 3551.
Memory consumption went from 118.3 MB to 118.3 MB.
Total: 2.754700 ms (FindLiveObjects: 0.286800 ms CreateObjectMapping: 0.092400 ms MarkObjects: 2.278900 ms  DeleteObjects: 0.096000 ms)

AssetImportParameters requested are different than current active one (requested -> active):
  custom:container-demuxer-ogg: 62fdf1f143b41e24485cea50d1cbac27 -> 
  custom:video-decoder-ogg-theora: a1e56fd34408186e4bbccfd4996cb3dc -> 
  custom:framework-win-MediaFoundation: 216162199b28c13a410421893ffa2e32 -> 
  custom:scripting/monoscript/fileName/NewBehaviourScript.cs: b21687ddb03d73bd9f0c1daecb9714de -> 
  custom:CustomObjectIndexerAttribute: 756ad292c208cfabdd7b50bc23989ffe -> 
  custom:container-demuxer-webm: 4f35f7cbe854078d1ac9338744f61a02 -> 
  custom:container-muxer-webm: aa71ff27fc2769a1b78a27578f13a17b -> 
  custom:video-decoder-webm-vp8: 9c59270c3fd7afecdb556c50c9e8de78 -> 
  custom:SearchIndexIgnoredProperties: e643bd26f0fe6173181afceb89e7c659 -> 
  custom:AudioImporter_EditorPlatform: d09bf68614088b80899f8185d706f6e7 -> 
  custom:scripting/monoscript/fileName/MovingObjects.cs: 9e0239f3bb68d6fcc282bd7679a06ef4 -> b85bf55f8cb023ff6965aef6945fd4e9
  custom:video-encoder-webm-vp8: eb34c28f22e8b96e1ab97ce403110664 -> 
  custom:audio-decoder-ogg-vorbis: bf7c407c2cedff20999df2af8eb42d56 -> 
  custom:scripting/monoscript/fileName/Bullet.cs: 48ff13ede6c310cc0acf4a30e818a1de -> 
  custom:audio-encoder-webm-vorbis: bf7c407c2cedff20999df2af8eb42d56 -> 
========================================================================
Received Import Request.
  Time since last request: 91018.172923 seconds.
  path: Assets/Fighter Planes Assets/Sprites/Health/frame-1.png
  artifactKey: Guid(5cbb29faf63128347ad7f67268840bed) Importer(2089858483,0ecaa5967403d082aa24f35e1b516d23)
Start importing Assets/Fighter Planes Assets/Sprites/Health/frame-1.png using Guid(5cbb29faf63128347ad7f67268840bed) Importer(2089858483,0ecaa5967403d082aa24f35e1b516d23) Generated GUIDs only implemented for interfaces!
 -> (artifact id: '85e9e72a6c465dd7e59b594dd26db3f9') in 0.130409 seconds
Number of updated asset objects reloaded before import = 0
Number of asset objects unloaded after import = 1
========================================================================
Received Import Request.
  Time since last request: 0.000029 seconds.
  path: Assets/Fighter Planes Assets/Sprites/Player_Shield/Shields_00005.png
  artifactKey: Guid(2b63ab97393aa0748b90d2fa11ac6288) Importer(2089858483,0ecaa5967403d082aa24f35e1b516d23)
Start importing Assets/Fighter Planes Assets/Sprites/Player_Shield/Shields_00005.png using Guid(2b63ab97393aa0748b90d2fa11ac6288) Importer(2089858483,0ecaa5967403d082aa24f35e1b516d23) Generated GUIDs only implemented for interfaces!
 -> (artifact id: 'a34df8a91bdce7485ad3b539444bf47e') in 0.025863 seconds
Number of updated asset objects reloaded before import = 0
Number of asset objects unloaded after import = 1
========================================================================
Received Import Request.
  Time since last request: 0.000018 seconds.
  path: Assets/Fighter Planes Assets/Sprites/Health/frame-6.png
  artifactKey: Guid(9f2c54016d4375e4aab085d80cf43634) Importer(2089858483,0ecaa5967403d082aa24f35e1b516d23)
Start importing Assets/Fighter Planes Assets/Sprites/Health/frame-6.png using Guid(9f2c54016d4375e4aab085d80cf43634) Importer(2089858483,0ecaa5967403d082aa24f35e1b516d23) Generated GUIDs only implemented for interfaces!
 -> (artifact id: '976f97d2110458cf3753cf9c06242d1f') in 0.026432 seconds
Number of updated asset objects reloaded before import = 0
Number of asset objects unloaded after import = 1
========================================================================
Received Import Request.
  Time since last request: 0.000014 seconds.
  path: Assets/Fighter Planes Assets/Sprites/Bullets/3.png
  artifactKey: Guid(e283bf6e0e2240049a7c96297c70ff7a) Importer(2089858483,0ecaa5967403d082aa24f35e1b516d23)
Start importing Assets/Fighter Planes Assets/Sprites/Bullets/3.png using Guid(e283bf6e0e2240049a7c96297c70ff7a) Importer(2089858483,0ecaa5967403d082aa24f35e1b516d23) Generated GUIDs only implemented for interfaces!
 -> (artifact id: '888d6b156a32627889f2685bc42a8368') in 0.027061 seconds
Number of updated asset objects reloaded before import = 0
Number of asset objects unloaded after import = 3
========================================================================
Received Import Request.
  Time since last request: 0.000015 seconds.
  path: Assets/Fighter Planes Assets/Sprites/Explosion/Explosion_00112.png
  artifactKey: Guid(479641c7f53ed93459ce62b0894022f7) Importer(2089858483,0ecaa5967403d082aa24f35e1b516d23)
Start importing Assets/Fighter Planes Assets/Sprites/Explosion/Explosion_00112.png using Guid(479641c7f53ed93459ce62b0894022f7) Importer(2089858483,0ecaa5967403d082aa24f35e1b516d23) Generated GUIDs only implemented for interfaces!
 -> (artifact id: '98513d4faea442698e92fcaf05144a87') in 0.022783 seconds
Number of updated asset objects reloaded before import = 0
Number of asset objects unloaded after import = 3
========================================================================
Received Import Request.
  Time since last request: 0.000014 seconds.
  path: Assets/Fighter Planes Assets/Sprites/Explosion/Explosion_00011.png
  artifactKey: Guid(a4230cde3d33d2946b63ed6e9cba86b9) Importer(2089858483,0ecaa5967403d082aa24f35e1b516d23)
Start importing Assets/Fighter Planes Assets/Sprites/Explosion/Explosion_00011.png using Guid(a4230cde3d33d2946b63ed6e9cba86b9) Importer(2089858483,0ecaa5967403d082aa24f35e1b516d23) Generated GUIDs only implemented for interfaces!
 -> (artifact id: '9592a60545645862b232c503495449ea') in 0.020242 seconds
Number of updated asset objects reloaded before import = 0
Number of asset objects unloaded after import = 3
========================================================================
Received Import Request.
  Time since last request: 0.000013 seconds.
  path: Assets/Fighter Planes Assets/Sprites/Explosion/Explosion_00027.png
  artifactKey: Guid(a38f56d3495b88247ba648c3121614b7) Importer(2089858483,0ecaa5967403d082aa24f35e1b516d23)
Start importing Assets/Fighter Planes Assets/Sprites/Explosion/Explosion_00027.png using Guid(a38f56d3495b88247ba648c3121614b7) Importer(2089858483,0ecaa5967403d082aa24f35e1b516d23) Generated GUIDs only implemented for interfaces!
 -> (artifact id: '928b92daad702ceab117a1853c7d8586') in 0.022169 seconds
Number of updated asset objects reloaded before import = 0
Number of asset objects unloaded after import = 3
========================================================================
Received Import Request.
  Time since last request: 0.000021 seconds.
  path: Assets/Fighter Planes Assets/Sprites/Explosion/Explosion_00081.png
  artifactKey: Guid(da07fa3dcb5b2f349b47d0bd845e0dc0) Importer(2089858483,0ecaa5967403d082aa24f35e1b516d23)
Start importing Assets/Fighter Planes Assets/Sprites/Explosion/Explosion_00081.png using Guid(da07fa3dcb5b2f349b47d0bd845e0dc0) Importer(2089858483,0ecaa5967403d082aa24f35e1b516d23) Generated GUIDs only implemented for interfaces!
 -> (artifact id: 'a9d8d3ec72eba3377b0c63995f00784a') in 0.021721 seconds
Number of updated asset objects reloaded before import = 0
Number of asset objects unloaded after import = 3
========================================================================
Received Import Request.
  Time since last request: 0.000018 seconds.
  path: Assets/Prefab/Coin.prefab
  artifactKey: Guid(a00472fb8d64b3046869dc55564de528) Importer(2089858483,0ecaa5967403d082aa24f35e1b516d23)
Start importing Assets/Prefab/Coin.prefab using Guid(a00472fb8d64b3046869dc55564de528) Importer(2089858483,0ecaa5967403d082aa24f35e1b516d23) Generated GUIDs only implemented for interfaces!
 -> (artifact id: 'b8eacb32d3f62e8e8fda6a57b6c56a63') in 0.030978 seconds
Number of updated asset objects reloaded before import = 0
Number of asset objects unloaded after import = 14
========================================================================
Received Import Request.
  Time since last request: 0.000019 seconds.
  path: Assets/Fighter Planes Assets/Audio/powerdown.wav
  artifactKey: Guid(1c1923a7a032f9a41b2dca86ed0eaf5a) Importer(2089858483,0ecaa5967403d082aa24f35e1b516d23)
Start importing Assets/Fighter Planes Assets/Audio/powerdown.wav using Guid(1c1923a7a032f9a41b2dca86ed0eaf5a) Importer(2089858483,0ecaa5967403d082aa24f35e1b516d23) Generated GUIDs only implemented for interfaces!
 -> (artifact id: '39caeebd21b83647e16ee730148c06fe') in 0.060570 seconds
Number of updated asset objects reloaded before import = 0
Number of asset objects unloaded after import = 1
========================================================================
Received Import Request.
  Time since last request: 0.000022 seconds.
  path: Assets/Fighter Planes Assets/Sprites/Explosion/Explosion_00095.png
  artifactKey: Guid(a2587b407c328d74f93d7e4c704f16dc) Importer(2089858483,0ecaa5967403d082aa24f35e1b516d23)
Start importing Assets/Fighter Planes Assets/Sprites/Explosion/Explosion_00095.png using Guid(a2587b407c328d74f93d7e4c704f16dc) Importer(2089858483,0ecaa5967403d082aa24f35e1b516d23) Generated GUIDs only implemented for interfaces!
 -> (artifact id: '7c9445a2b82f3fa208f6098658a10a48') in 0.018737 seconds
Number of updated asset objects reloaded before import = 0
Number of asset objects unloaded after import = 3
========================================================================
Received Import Request.
  Time since last request: 0.000024 seconds.
  path: Assets/TextMesh Pro/Resources/Fonts & Materials/LiberationSans SDF - Drop Shadow.mat
  artifactKey: Guid(e73a58f6e2794ae7b1b7e50b7fb811b0) Importer(2089858483,0ecaa5967403d082aa24f35e1b516d23)
Start importing Assets/TextMesh Pro/Resources/Fonts & Materials/LiberationSans SDF - Drop Shadow.mat using Guid(e73a58f6e2794ae7b1b7e50b7fb811b0) Importer(2089858483,0ecaa5967403d082aa24f35e1b516d23) Generated GUIDs only implemented for interfaces!
 -> (artifact id: '75f75879cbdb574c80d785b1da7bf5d2') in 0.026355 seconds
Number of updated asset objects reloaded before import = 0
Number of asset objects unloaded after import = 2
========================================================================
Received Import Request.
  Time since last request: 0.000015 seconds.
  path: Assets/Fighter Planes Assets/Sprites/Planes/Bipolar Plane/Type_5/Biploar_type5_2.png
  artifactKey: Guid(25d385f05d9d7d846953c2dc49f4fff9) Importer(2089858483,0ecaa5967403d082aa24f35e1b516d23)
Start importing Assets/Fighter Planes Assets/Sprites/Planes/Bipolar Plane/Type_5/Biploar_type5_2.png using Guid(25d385f05d9d7d846953c2dc49f4fff9) Importer(2089858483,0ecaa5967403d082aa24f35e1b516d23) Generated GUIDs only implemented for interfaces!
 -> (artifact id: '79d14ffc6dfb2f256b09961808e2c320') in 0.023223 seconds
Number of updated asset objects reloaded before import = 0
Number of asset objects unloaded after import = 1
========================================================================
Received Import Request.
  Time since last request: 0.000015 seconds.
  path: Assets/Fighter Planes Assets/Sprites/Thruster/Thruster_00009.png
  artifactKey: Guid(f85d8d5937cdf4c4cb677367ed571e55) Importer(2089858483,0ecaa5967403d082aa24f35e1b516d23)
Start importing Assets/Fighter Planes Assets/Sprites/Thruster/Thruster_00009.png using Guid(f85d8d5937cdf4c4cb677367ed571e55) Importer(2089858483,0ecaa5967403d082aa24f35e1b516d23) Generated GUIDs only implemented for interfaces!
 -> (artifact id: 'f15b4271dcdb8850fbe7156f1787bcdf') in 0.021243 seconds
Number of updated asset objects reloaded before import = 0
Number of asset objects unloaded after import = 1
========================================================================
Received Import Request.
  Time since last request: 0.000016 seconds.
  path: Assets/Fighter Planes Assets/Sprites/Thruster/Thruster_00008.png
  artifactKey: Guid(5413f0ee42e592f43b4d0c071205d7bf) Importer(2089858483,0ecaa5967403d082aa24f35e1b516d23)
Start importing Assets/Fighter Planes Assets/Sprites/Thruster/Thruster_00008.png using Guid(5413f0ee42e592f43b4d0c071205d7bf) Importer(2089858483,0ecaa5967403d082aa24f35e1b516d23) Generated GUIDs only implemented for interfaces!
 -> (artifact id: 'cbfef5df1a7ca785d249fe839f9b2576') in 0.025776 seconds
Number of updated asset objects reloaded before import = 0
Number of asset objects unloaded after import = 1
========================================================================
Received Import Request.
  Time since last request: 0.000019 seconds.
  path: Assets/Fighter Planes Assets/Sprites/Power Ups/frame-3.png
  artifactKey: Guid(76c5ed82f4825f04b832557df9f37f65) Importer(2089858483,0ecaa5967403d082aa24f35e1b516d23)
Start importing Assets/Fighter Planes Assets/Sprites/Power Ups/frame-3.png using Guid(76c5ed82f4825f04b832557df9f37f65) Importer(2089858483,0ecaa5967403d082aa24f35e1b516d23) Generated GUIDs only implemented for interfaces!
 -> (artifact id: '925f01870e495f26f1b230c69d555298') in 0.024996 seconds
Number of updated asset objects reloaded before import = 0
Number of asset objects unloaded after import = 1
========================================================================
Received Import Request.
  Time since last request: 0.000014 seconds.
  path: Assets/Fighter Planes Assets/Sprites/Planes/B-17/Type-3/colored_3.png
  artifactKey: Guid(d0e5db58f03ec794cab744c589a54a81) Importer(2089858483,0ecaa5967403d082aa24f35e1b516d23)
Start importing Assets/Fighter Planes Assets/Sprites/Planes/B-17/Type-3/colored_3.png using Guid(d0e5db58f03ec794cab744c589a54a81) Importer(2089858483,0ecaa5967403d082aa24f35e1b516d23) Generated GUIDs only implemented for interfaces!
 -> (artifact id: '79c986d6ff1d120cc34064dc63e98411') in 0.024671 seconds
Number of updated asset objects reloaded before import = 0
Number of asset objects unloaded after import = 1
========================================================================
Received Import Request.
  Time since last request: 0.000017 seconds.
  path: Assets/Fighter Planes Assets/Sprites/Planes/BF-109E/Type-3/Type2_2.png
  artifactKey: Guid(9764d1d57d1713b48bc6ded64804b144) Importer(2089858483,0ecaa5967403d082aa24f35e1b516d23)
Start importing Assets/Fighter Planes Assets/Sprites/Planes/BF-109E/Type-3/Type2_2.png using Guid(9764d1d57d1713b48bc6ded64804b144) Importer(2089858483,0ecaa5967403d082aa24f35e1b516d23) Generated GUIDs only implemented for interfaces!
 -> (artifact id: '1235cfe34ad2ad982af2b44c3df8103f') in 0.025011 seconds
Number of updated asset objects reloaded before import = 0
Number of asset objects unloaded after import = 1
========================================================================
Received Import Request.
  Time since last request: 0.000015 seconds.
  path: Assets/Fighter Planes Assets/Sprites/Planes/B-17/Type-2/colored_2.png
  artifactKey: Guid(b235610d998358c419f07cb00a0ddedb) Importer(2089858483,0ecaa5967403d082aa24f35e1b516d23)
Start importing Assets/Fighter Planes Assets/Sprites/Planes/B-17/Type-2/colored_2.png using Guid(b235610d998358c419f07cb00a0ddedb) Importer(2089858483,0ecaa5967403d082aa24f35e1b516d23) Generated GUIDs only implemented for interfaces!
 -> (artifact id: 'd72980a6c595dc7b3dcc96dd3ce0329f') in 0.025143 seconds
Number of updated asset objects reloaded before import = 0
Number of asset objects unloaded after import = 1
========================================================================
Received Import Request.
  Time since last request: 0.000013 seconds.
  path: Assets/TextMesh Pro/Resources/Fonts & Materials/LiberationSans SDF - Fallback.asset
  artifactKey: Guid(2e498d1c8094910479dc3e1b768306a4) Importer(2089858483,0ecaa5967403d082aa24f35e1b516d23)
Start importing Assets/TextMesh Pro/Resources/Fonts & Materials/LiberationSans SDF - Fallback.asset using Guid(2e498d1c8094910479dc3e1b768306a4) Importer(2089858483,0ecaa5967403d082aa24f35e1b516d23) Generated GUIDs only implemented for interfaces!
 -> (artifact id: 'bc18f669a56a3b6b24f120d78f834e45') in 0.035380 seconds
Number of updated asset objects reloaded before import = 0
Number of asset objects unloaded after import = 5
========================================================================
Received Import Request.
  Time since last request: 0.000017 seconds.
  path: Assets/Fighter Planes Assets/Sprites/Thruster/Thruster_00015.png
  artifactKey: Guid(cc8477d6002ff2e4ebbd8ef6377f93be) Importer(2089858483,0ecaa5967403d082aa24f35e1b516d23)
Start importing Assets/Fighter Planes Assets/Sprites/Thruster/Thruster_00015.png using Guid(cc8477d6002ff2e4ebbd8ef6377f93be) Importer(2089858483,0ecaa5967403d082aa24f35e1b516d23) Generated GUIDs only implemented for interfaces!
 -> (artifact id: '8a2853f2d3521b1986cf7a298524afdc') in 0.026391 seconds
Number of updated asset objects reloaded before import = 0
Number of asset objects unloaded after import = 1
========================================================================
Received Import Request.
  Time since last request: 0.000022 seconds.
  path: Assets/Fighter Planes Assets/Sprites/Thruster/Thruster_00012.png
  artifactKey: Guid(4ddabea4205335a41ad960f56aa62b2f) Importer(2089858483,0ecaa5967403d082aa24f35e1b516d23)
Start importing Assets/Fighter Planes Assets/Sprites/Thruster/Thruster_00012.png using Guid(4ddabea4205335a41ad960f56aa62b2f) Importer(2089858483,0ecaa5967403d082aa24f35e1b516d23) Generated GUIDs only implemented for interfaces!
 -> (artifact id: '066ed187c38c45d9f91091ea68b96ac1') in 0.023329 seconds
Number of updated asset objects reloaded before import = 0
Number of asset objects unloaded after import = 1
========================================================================
Received Import Request.
  Time since last request: 0.000015 seconds.
  path: Assets/TextMesh Pro/Resources/Sprite Assets/EmojiOne.asset
  artifactKey: Guid(c41005c129ba4d66911b75229fd70b45) Importer(2089858483,0ecaa5967403d082aa24f35e1b516d23)
Start importing Assets/TextMesh Pro/Resources/Sprite Assets/EmojiOne.asset using Guid(c41005c129ba4d66911b75229fd70b45) Importer(2089858483,0ecaa5967403d082aa24f35e1b516d23) Generated GUIDs only implemented for interfaces!
 -> (artifact id: 'f3b22182980db498df4a2c455d4e1499') in 0.014182 seconds
Number of updated asset objects reloaded before import = 0
Number of asset objects unloaded after import = 3
========================================================================
Received Import Request.
  Time since last request: 0.000019 seconds.
  path: Assets/Fighter Planes Assets/Sprites/Player_Shield/Shields_00007.png
  artifactKey: Guid(e01dc0b86341dd74dab9156047efec25) Importer(2089858483,0ecaa5967403d082aa24f35e1b516d23)
Start importing Assets/Fighter Planes Assets/Sprites/Player_Shield/Shields_00007.png using Guid(e01dc0b86341dd74dab9156047efec25) Importer(2089858483,0ecaa5967403d082aa24f35e1b516d23) Generated GUIDs only implemented for interfaces!
 -> (artifact id: '6bc2389a90376fd357116aa19cebf17c') in 0.029955 seconds
Number of updated asset objects reloaded before import = 0
Number of asset objects unloaded after import = 1
========================================================================
Received Import Request.
  Time since last request: 0.000021 seconds.
  path: Assets/Fighter Planes Assets/Sprites/Explosion/Explosion_00156.png
  artifactKey: Guid(2e3c90d1a79e742499a64cbc4e145ff3) Importer(2089858483,0ecaa5967403d082aa24f35e1b516d23)
Start importing Assets/Fighter Planes Assets/Sprites/Explosion/Explosion_00156.png using Guid(2e3c90d1a79e742499a64cbc4e145ff3) Importer(2089858483,0ecaa5967403d082aa24f35e1b516d23) Generated GUIDs only implemented for interfaces!
 -> (artifact id: 'eb47835ab04800fc6a4e2fd6ac829348') in 0.032129 seconds
Number of updated asset objects reloaded before import = 0
Number of asset objects unloaded after import = 3
========================================================================
Received Import Request.
  Time since last request: 0.000018 seconds.
  path: Assets/Fighter Planes Assets/Sprites/Bullets/5.png
  artifactKey: Guid(30f818211b24862489f6f99b0ccba077) Importer(2089858483,0ecaa5967403d082aa24f35e1b516d23)
Start importing Assets/Fighter Planes Assets/Sprites/Bullets/5.png using Guid(30f818211b24862489f6f99b0ccba077) Importer(2089858483,0ecaa5967403d082aa24f35e1b516d23) Generated GUIDs only implemented for interfaces!
 -> (artifact id: '26831ad387e0fec5942ab8c1b5efb466') in 0.034429 seconds
Number of updated asset objects reloaded before import = 0
Number of asset objects unloaded after import = 1
========================================================================
Received Import Request.
  Time since last request: 0.000017 seconds.
  path: Assets/Fighter Planes Assets/Sprites/Explosion/Explosion_00057.png
  artifactKey: Guid(7168f9aced3081b4dbce33a378c1c95a) Importer(2089858483,0ecaa5967403d082aa24f35e1b516d23)
Start importing Assets/Fighter Planes Assets/Sprites/Explosion/Explosion_00057.png using Guid(7168f9aced3081b4dbce33a378c1c95a) Importer(2089858483,0ecaa5967403d082aa24f35e1b516d23) Generated GUIDs only implemented for interfaces!
 -> (artifact id: '8321e920d338253a8b22e92e053df844') in 0.024835 seconds
Number of updated asset objects reloaded before import = 0
Number of asset objects unloaded after import = 3
========================================================================
Received Import Request.
  Time since last request: 0.000017 seconds.
  path: Assets/TextMesh Pro/Shaders/TMPro_Properties.cginc
  artifactKey: Guid(3997e2241185407d80309a82f9148466) Importer(2089858483,0ecaa5967403d082aa24f35e1b516d23)
Start importing Assets/TextMesh Pro/Shaders/TMPro_Properties.cginc using Guid(3997e2241185407d80309a82f9148466) Importer(2089858483,0ecaa5967403d082aa24f35e1b516d23) Generated GUIDs only implemented for interfaces!
 -> (artifact id: '5ba644450041142eca1f95303bdb50a9') in 0.013229 seconds
Number of updated asset objects reloaded before import = 0
Number of asset objects unloaded after import = 1
========================================================================
Received Import Request.
  Time since last request: 0.000016 seconds.
  path: Assets/Prefab/Lives.prefab
  artifactKey: Guid(6275db777c812db4c946ece1b5e4173e) Importer(2089858483,0ecaa5967403d082aa24f35e1b516d23)
Start importing Assets/Prefab/Lives.prefab using Guid(6275db777c812db4c946ece1b5e4173e) Importer(2089858483,0ecaa5967403d082aa24f35e1b516d23) Generated GUIDs only implemented for interfaces!
 -> (artifact id: '850ea764ee1cc58c3054085a16175afc') in 0.049562 seconds
Number of updated asset objects reloaded before import = 0
Number of asset objects unloaded after import = 14
========================================================================
Received Import Request.
  Time since last request: 0.000019 seconds.
  path: Assets/Fighter Planes Assets/Sprites/Explosion/Explosion_00087.png
  artifactKey: Guid(20c05c11c83e7b344b832d4321032ac3) Importer(2089858483,0ecaa5967403d082aa24f35e1b516d23)
Start importing Assets/Fighter Planes Assets/Sprites/Explosion/Explosion_00087.png using Guid(20c05c11c83e7b344b832d4321032ac3) Importer(2089858483,0ecaa5967403d082aa24f35e1b516d23) Generated GUIDs only implemented for interfaces!
 -> (artifact id: 'd480477f06eb101489d21d33273bf470') in 0.022224 seconds
Number of updated asset objects reloaded before import = 0
Number of asset objects unloaded after import = 3
========================================================================
Received Import Request.
  Time since last request: 0.000028 seconds.
  path: Assets/Fighter Planes Assets/Sprites/Explosion/Explosion_00105.png
  artifactKey: Guid(1efa231f7627033429071aec2315302b) Importer(2089858483,0ecaa5967403d082aa24f35e1b516d23)
Start importing Assets/Fighter Planes Assets/Sprites/Explosion/Explosion_00105.png using Guid(1efa231f7627033429071aec2315302b) Importer(2089858483,0ecaa5967403d082aa24f35e1b516d23) Generated GUIDs only implemented for interfaces!
 -> (artifact id: 'b3e98d36b76810745e17b1ff2ad19a22') in 0.021382 seconds
Number of updated asset objects reloaded before import = 0
Number of asset objects unloaded after import = 3
========================================================================
Received Import Request.
  Time since last request: 0.000017 seconds.
  path: Assets/Fighter Planes Assets/Sprites/Planes/BF-109E/Type-2/Animation/2.png
  artifactKey: Guid(15d7f85367a91b8499d4272a37c6a224) Importer(2089858483,0ecaa5967403d082aa24f35e1b516d23)
Start importing Assets/Fighter Planes Assets/Sprites/Planes/BF-109E/Type-2/Animation/2.png using Guid(15d7f85367a91b8499d4272a37c6a224) Importer(2089858483,0ecaa5967403d082aa24f35e1b516d23) Generated GUIDs only implemented for interfaces!
 -> (artifact id: 'efadb5a5576d9def9c95628432e593c1') in 0.024395 seconds
Number of updated asset objects reloaded before import = 0
Number of asset objects unloaded after import = 1
========================================================================
Received Import Request.
  Time since last request: 0.000015 seconds.
  path: Assets/Fighter Planes Assets/Sprites/Planes/JU-87B2/Type_1/Animation/1.png
  artifactKey: Guid(8d68fb9db4016c749a1715e8a9d24919) Importer(2089858483,0ecaa5967403d082aa24f35e1b516d23)
Start importing Assets/Fighter Planes Assets/Sprites/Planes/JU-87B2/Type_1/Animation/1.png using Guid(8d68fb9db4016c749a1715e8a9d24919) Importer(2089858483,0ecaa5967403d082aa24f35e1b516d23) Generated GUIDs only implemented for interfaces!
 -> (artifact id: 'ac7288ebd08e3f2886eee689d63d9246') in 0.021965 seconds
Number of updated asset objects reloaded before import = 0
Number of asset objects unloaded after import = 1
========================================================================
Received Import Request.
  Time since last request: 0.000027 seconds.
  path: Assets/Fighter Planes Assets/Sprites/Planes/Hawker Tempest MKII/Type_1/Animated/3.png
  artifactKey: Guid(eb6373adabc20a9419471aaa351bb1cc) Importer(2089858483,0ecaa5967403d082aa24f35e1b516d23)
Start importing Assets/Fighter Planes Assets/Sprites/Planes/Hawker Tempest MKII/Type_1/Animated/3.png using Guid(eb6373adabc20a9419471aaa351bb1cc) Importer(2089858483,0ecaa5967403d082aa24f35e1b516d23) Generated GUIDs only implemented for interfaces!
 -> (artifact id: 'aae65b4353be602302e35c13e4c92d17') in 0.026430 seconds
Number of updated asset objects reloaded before import = 0
Number of asset objects unloaded after import = 1
========================================================================
Received Import Request.
  Time since last request: 0.000021 seconds.
  path: Assets/Fighter Planes Assets/Sprites/Planes/Bipolar Plane/Type_5/Animation/2.png
  artifactKey: Guid(49af933adb003404a9de8c61811ea3be) Importer(2089858483,0ecaa5967403d082aa24f35e1b516d23)
Start importing Assets/Fighter Planes Assets/Sprites/Planes/Bipolar Plane/Type_5/Animation/2.png using Guid(49af933adb003404a9de8c61811ea3be) Importer(2089858483,0ecaa5967403d082aa24f35e1b516d23) Generated GUIDs only implemented for interfaces!
 -> (artifact id: 'b2d5ec0a387115a094648cc0c49c4d94') in 0.026403 seconds
Number of updated asset objects reloaded before import = 0
Number of asset objects unloaded after import = 1
========================================================================
Received Import Request.
  Time since last request: 0.000018 seconds.
  path: Assets/Fighter Planes Assets/Sprites/Planes/B-17/Type-3/Animated/1.png
  artifactKey: Guid(28eff04c4d8469a4f9884211bab629fb) Importer(2089858483,0ecaa5967403d082aa24f35e1b516d23)
Start importing Assets/Fighter Planes Assets/Sprites/Planes/B-17/Type-3/Animated/1.png using Guid(28eff04c4d8469a4f9884211bab629fb) Importer(2089858483,0ecaa5967403d082aa24f35e1b516d23) Generated GUIDs only implemented for interfaces!
 -> (artifact id: '6f5479f5ad797ec7a5c800b8358aed34') in 0.025196 seconds
Number of updated asset objects reloaded before import = 0
Number of asset objects unloaded after import = 1
========================================================================
Received Import Request.
  Time since last request: 0.000014 seconds.
  path: Assets/Fighter Planes Assets/Sprites/Planes/Bipolar Plane/Type_3/Animation/1.png
  artifactKey: Guid(a2fa399587a9da74e9dfd2424e71e141) Importer(2089858483,0ecaa5967403d082aa24f35e1b516d23)
Start importing Assets/Fighter Planes Assets/Sprites/Planes/Bipolar Plane/Type_3/Animation/1.png using Guid(a2fa399587a9da74e9dfd2424e71e141) Importer(2089858483,0ecaa5967403d082aa24f35e1b516d23) Generated GUIDs only implemented for interfaces!
 -> (artifact id: 'b7a65b965eafe0d47f14681138e929dc') in 0.024838 seconds
Number of updated asset objects reloaded before import = 0
Number of asset objects unloaded after import = 1
========================================================================
Received Import Request.
  Time since last request: 0.000013 seconds.
  path: Assets/Fighter Planes Assets/Sprites/Planes/BF-109E/Type-4/Animated/2.png
  artifactKey: Guid(22129cbe2d01c42438aa922ffc4a0f40) Importer(2089858483,0ecaa5967403d082aa24f35e1b516d23)
Start importing Assets/Fighter Planes Assets/Sprites/Planes/BF-109E/Type-4/Animated/2.png using Guid(22129cbe2d01c42438aa922ffc4a0f40) Importer(2089858483,0ecaa5967403d082aa24f35e1b516d23) Generated GUIDs only implemented for interfaces!
 -> (artifact id: '6ee6726130887aec075e942fe98f4e52') in 0.025200 seconds
Number of updated asset objects reloaded before import = 0
Number of asset objects unloaded after import = 1
========================================================================
Received Import Request.
  Time since last request: 0.000018 seconds.
  path: Assets/Fighter Planes Assets/Sprites/Planes/BF-109E/Type-3/Animation/3.png
  artifactKey: Guid(feca675e943cc5241b3defbb3393759d) Importer(2089858483,0ecaa5967403d082aa24f35e1b516d23)
Start importing Assets/Fighter Planes Assets/Sprites/Planes/BF-109E/Type-3/Animation/3.png using Guid(feca675e943cc5241b3defbb3393759d) Importer(2089858483,0ecaa5967403d082aa24f35e1b516d23) Generated GUIDs only implemented for interfaces!
 -> (artifact id: 'b632f8b9825fc07268cd9456ff4de410') in 0.024106 seconds
Number of updated asset objects reloaded before import = 0
Number of asset objects unloaded after import = 1
========================================================================
Received Import Request.
  Time since last request: 0.000020 seconds.
  path: Assets/Fighter Planes Assets/Sprites/Planes/B-17/Type-4/Animated/2.png
  artifactKey: Guid(2c59321e8edfccf49bac664c1b820fdd) Importer(2089858483,0ecaa5967403d082aa24f35e1b516d23)
Start importing Assets/Fighter Planes Assets/Sprites/Planes/B-17/Type-4/Animated/2.png using Guid(2c59321e8edfccf49bac664c1b820fdd) Importer(2089858483,0ecaa5967403d082aa24f35e1b516d23) Generated GUIDs only implemented for interfaces!
 -> (artifact id: 'dd39795aafc70c2fa311db209e2b2783') in 0.024611 seconds
Number of updated asset objects reloaded before import = 0
Number of asset objects unloaded after import = 1
========================================================================
Received Import Request.
  Time since last request: 0.000025 seconds.
  path: Assets/Fighter Planes Assets/Sprites/Planes/Blenheim/Type_2/Colorable_blenheim_2.png
  artifactKey: Guid(0e193a4729e509c49859217464cebfbf) Importer(2089858483,0ecaa5967403d082aa24f35e1b516d23)
Start importing Assets/Fighter Planes Assets/Sprites/Planes/Blenheim/Type_2/Colorable_blenheim_2.png using Guid(0e193a4729e509c49859217464cebfbf) Importer(2089858483,0ecaa5967403d082aa24f35e1b516d23) Generated GUIDs only implemented for interfaces!
 -> (artifact id: 'd85f7909aae1eb01c6af3a1808e2af4a') in 0.029738 seconds
Number of updated asset objects reloaded before import = 0
Number of asset objects unloaded after import = 1
========================================================================
Received Import Request.
  Time since last request: 0.000020 seconds.
  path: Assets/Fighter Planes Assets/Sprites/Planes/Bipolar Plane/Type_4/Animation/3.png
  artifactKey: Guid(4ed1a16ea604de9418df18f1ae257cae) Importer(2089858483,0ecaa5967403d082aa24f35e1b516d23)
Start importing Assets/Fighter Planes Assets/Sprites/Planes/Bipolar Plane/Type_4/Animation/3.png using Guid(4ed1a16ea604de9418df18f1ae257cae) Importer(2089858483,0ecaa5967403d082aa24f35e1b516d23) Generated GUIDs only implemented for interfaces!
 -> (artifact id: '588095eae7ca8863d18a36ce5658bcad') in 0.024112 seconds
Number of updated asset objects reloaded before import = 0
Number of asset objects unloaded after import = 1
========================================================================
Received Import Request.
  Time since last request: 0.000020 seconds.
  path: Assets/Fighter Planes Assets/Sprites/Planes/Bipolar Plane/Type_6/Animation/2.png
  artifactKey: Guid(6a3536f4497ffff4fa219146190d6350) Importer(2089858483,0ecaa5967403d082aa24f35e1b516d23)
Start importing Assets/Fighter Planes Assets/Sprites/Planes/Bipolar Plane/Type_6/Animation/2.png using Guid(6a3536f4497ffff4fa219146190d6350) Importer(2089858483,0ecaa5967403d082aa24f35e1b516d23) Generated GUIDs only implemented for interfaces!
 -> (artifact id: '3372d0c2cda7c4aef72aecdf3be8be02') in 0.025219 seconds
Number of updated asset objects reloaded before import = 0
Number of asset objects unloaded after import = 1
========================================================================
Received Import Request.
  Time since last request: 0.000016 seconds.
  path: Assets/Fighter Planes Assets/Sprites/Planes/Blenheim/Type_2/Animation/2.png
  artifactKey: Guid(33555f8d7a2811845b4ee19950aad66a) Importer(2089858483,0ecaa5967403d082aa24f35e1b516d23)
Start importing Assets/Fighter Planes Assets/Sprites/Planes/Blenheim/Type_2/Animation/2.png using Guid(33555f8d7a2811845b4ee19950aad66a) Importer(2089858483,0ecaa5967403d082aa24f35e1b516d23) Generated GUIDs only implemented for interfaces!
 -> (artifact id: 'b817fe564cee5f50b1ca0336279912a6') in 0.024557 seconds
Number of updated asset objects reloaded before import = 0
Number of asset objects unloaded after import = 1
========================================================================
Received Import Request.
  Time since last request: 0.000016 seconds.
  path: Assets/Fighter Planes Assets/Sprites/Planes/Bipolar Plane/Type_3/Animation/3.png
  artifactKey: Guid(5b81d7ec565899e4380a487ea4fa1a9c) Importer(2089858483,0ecaa5967403d082aa24f35e1b516d23)
Start importing Assets/Fighter Planes Assets/Sprites/Planes/Bipolar Plane/Type_3/Animation/3.png using Guid(5b81d7ec565899e4380a487ea4fa1a9c) Importer(2089858483,0ecaa5967403d082aa24f35e1b516d23) Generated GUIDs only implemented for interfaces!
 -> (artifact id: 'e521fc20513b61c732a439d679c06318') in 0.026581 seconds
Number of updated asset objects reloaded before import = 0
Number of asset objects unloaded after import = 1
========================================================================
Received Import Request.
  Time since last request: 0.000018 seconds.
  path: Assets/Fighter Planes Assets/Sprites/Planes/Hawker Tempest MKII/Type_2/Animation/3.png
  artifactKey: Guid(2423ba66315ac7845b399770f572c3bd) Importer(2089858483,0ecaa5967403d082aa24f35e1b516d23)
Start importing Assets/Fighter Planes Assets/Sprites/Planes/Hawker Tempest MKII/Type_2/Animation/3.png using Guid(2423ba66315ac7845b399770f572c3bd) Importer(2089858483,0ecaa5967403d082aa24f35e1b516d23) Generated GUIDs only implemented for interfaces!
 -> (artifact id: 'a1159a6a441810380b1e0bb9d6286e85') in 0.024619 seconds
Number of updated asset objects reloaded before import = 0
Number of asset objects unloaded after import = 1
========================================================================
Received Import Request.
  Time since last request: 0.000014 seconds.
  path: Assets/Fighter Planes Assets/Sprites/Planes/Bipolar Plane/Type_1/Animated/3.png
  artifactKey: Guid(dceda23275c92b54a82ff6f1026289ac) Importer(2089858483,0ecaa5967403d082aa24f35e1b516d23)
Start importing Assets/Fighter Planes Assets/Sprites/Planes/Bipolar Plane/Type_1/Animated/3.png using Guid(dceda23275c92b54a82ff6f1026289ac) Importer(2089858483,0ecaa5967403d082aa24f35e1b516d23) Generated GUIDs only implemented for interfaces!
 -> (artifact id: '1910ae39f1bac6a9ec2b026eacc71fdf') in 0.024439 seconds
Number of updated asset objects reloaded before import = 0
Number of asset objects unloaded after import = 1
========================================================================
Received Import Request.
  Time since last request: 0.000015 seconds.
  path: Assets/Fighter Planes Assets/Sprites/Planes/B-17/Type-4/Animated/3.png
  artifactKey: Guid(6e19c005ea8d5c34d99be2e7f580da6b) Importer(2089858483,0ecaa5967403d082aa24f35e1b516d23)
Start importing Assets/Fighter Planes Assets/Sprites/Planes/B-17/Type-4/Animated/3.png using Guid(6e19c005ea8d5c34d99be2e7f580da6b) Importer(2089858483,0ecaa5967403d082aa24f35e1b516d23) Generated GUIDs only implemented for interfaces!
 -> (artifact id: '53e0f2b2672f401e480bbf8891f62937') in 0.020954 seconds
Number of updated asset objects reloaded before import = 0
Number of asset objects unloaded after import = 1
========================================================================
Received Import Request.
  Time since last request: 0.000014 seconds.
  path: Assets/Fighter Planes Assets/Sprites/Planes/Hawker Tempest MKII/Type_1/Hawker_type1.png
  artifactKey: Guid(f66fcc06d0d37ca44ae2224afe75d8fb) Importer(2089858483,0ecaa5967403d082aa24f35e1b516d23)
Start importing Assets/Fighter Planes Assets/Sprites/Planes/Hawker Tempest MKII/Type_1/Hawker_type1.png using Guid(f66fcc06d0d37ca44ae2224afe75d8fb) Importer(2089858483,0ecaa5967403d082aa24f35e1b516d23) Generated GUIDs only implemented for interfaces!
 -> (artifact id: 'f57ebb273522e22f1d35ab13c6d67d17') in 0.024401 seconds
Number of updated asset objects reloaded before import = 0
Number of asset objects unloaded after import = 1
========================================================================
Received Import Request.
  Time since last request: 0.000017 seconds.
  path: Assets/Fighter Planes Assets/Sprites/Planes/TBM3/Type_2/Animation/2.png
  artifactKey: Guid(19d665c604a52ff499d299ecca25235f) Importer(2089858483,0ecaa5967403d082aa24f35e1b516d23)
Start importing Assets/Fighter Planes Assets/Sprites/Planes/TBM3/Type_2/Animation/2.png using Guid(19d665c604a52ff499d299ecca25235f) Importer(2089858483,0ecaa5967403d082aa24f35e1b516d23) Generated GUIDs only implemented for interfaces!
 -> (artifact id: '2dec00d304fd3ebe8d166573d5b70559') in 0.023173 seconds
Number of updated asset objects reloaded before import = 0
Number of asset objects unloaded after import = 1
========================================================================
Received Import Request.
  Time since last request: 0.000025 seconds.
  path: Assets/Fighter Planes Assets/Sprites/Planes/JU-87B2/Type_2/Animation/2.png
  artifactKey: Guid(2f31362796b2c8740b3d6102a6a13057) Importer(2089858483,0ecaa5967403d082aa24f35e1b516d23)
Start importing Assets/Fighter Planes Assets/Sprites/Planes/JU-87B2/Type_2/Animation/2.png using Guid(2f31362796b2c8740b3d6102a6a13057) Importer(2089858483,0ecaa5967403d082aa24f35e1b516d23) Generated GUIDs only implemented for interfaces!
 -> (artifact id: 'f7da9692087b3b193352243dcb9f4683') in 0.027761 seconds
Number of updated asset objects reloaded before import = 0
Number of asset objects unloaded after import = 1
========================================================================
Received Import Request.
  Time since last request: 0.000015 seconds.
  path: Assets/Fighter Planes Assets/Sprites/Planes/JU-87B2/Type_3/Animation/1.png
  artifactKey: Guid(96543ee8f620bc5478b9ea3e78955790) Importer(2089858483,0ecaa5967403d082aa24f35e1b516d23)
Start importing Assets/Fighter Planes Assets/Sprites/Planes/JU-87B2/Type_3/Animation/1.png using Guid(96543ee8f620bc5478b9ea3e78955790) Importer(2089858483,0ecaa5967403d082aa24f35e1b516d23) Generated GUIDs only implemented for interfaces!
 -> (artifact id: '013ceb5e277d195f04a520df29a2f44d') in 0.021533 seconds
Number of updated asset objects reloaded before import = 0
Number of asset objects unloaded after import = 1
========================================================================
Received Import Request.
  Time since last request: 0.000016 seconds.
  path: Assets/Fighter Planes Assets/Sprites/Planes/TBM3/Type_2/Animation/1.png
  artifactKey: Guid(8c35b66eeeb7bba49ad1a3eda2909daf) Importer(2089858483,0ecaa5967403d082aa24f35e1b516d23)
Start importing Assets/Fighter Planes Assets/Sprites/Planes/TBM3/Type_2/Animation/1.png using Guid(8c35b66eeeb7bba49ad1a3eda2909daf) Importer(2089858483,0ecaa5967403d082aa24f35e1b516d23) Generated GUIDs only implemented for interfaces!
 -> (artifact id: 'a987dea7db797f69b4057e38650c3647') in 0.024570 seconds
Number of updated asset objects reloaded before import = 0
Number of asset objects unloaded after import = 1
========================================================================
Received Import Request.
  Time since last request: 0.000013 seconds.
  path: Assets/Fighter Planes Assets/Sprites/Planes/TBM3/Type_2/type_2_1.png
  artifactKey: Guid(f3af4d22ac1142548a3bfc96c69f1a91) Importer(2089858483,0ecaa5967403d082aa24f35e1b516d23)
Start importing Assets/Fighter Planes Assets/Sprites/Planes/TBM3/Type_2/type_2_1.png using Guid(f3af4d22ac1142548a3bfc96c69f1a91) Importer(2089858483,0ecaa5967403d082aa24f35e1b516d23) Generated GUIDs only implemented for interfaces!
 -> (artifact id: 'e9f1dbd81fd0b08c1eb1fc6e571561be') in 0.022371 seconds
Number of updated asset objects reloaded before import = 0
Number of asset objects unloaded after import = 1
========================================================================
Received Import Request.
  Time since last request: 0.000030 seconds.
  path: Assets/Fighter Planes Assets/Sprites/cloud.png
  artifactKey: Guid(5b60fc1ea5a60864c92bf16c63f17538) Importer(2089858483,0ecaa5967403d082aa24f35e1b516d23)
Start importing Assets/Fighter Planes Assets/Sprites/cloud.png using Guid(5b60fc1ea5a60864c92bf16c63f17538) Importer(2089858483,0ecaa5967403d082aa24f35e1b516d23) Generated GUIDs only implemented for interfaces!
 -> (artifact id: 'd517eff7f20626cb875a87232cb24660') in 0.022523 seconds
Number of updated asset objects reloaded before import = 0
Number of asset objects unloaded after import = 3
========================================================================
Received Import Request.
  Time since last request: 0.000018 seconds.
  path: Assets/Fighter Planes Assets/Sprites/Coin/frame-7.png
  artifactKey: Guid(ad60e2f47e24c7f4fb9cfa19c7e4eeea) Importer(2089858483,0ecaa5967403d082aa24f35e1b516d23)
Start importing Assets/Fighter Planes Assets/Sprites/Coin/frame-7.png using Guid(ad60e2f47e24c7f4fb9cfa19c7e4eeea) Importer(2089858483,0ecaa5967403d082aa24f35e1b516d23) Generated GUIDs only implemented for interfaces!
 -> (artifact id: '0ecb0144b6e1cc0b2113c3a70ce66d25') in 0.028127 seconds
Number of updated asset objects reloaded before import = 0
Number of asset objects unloaded after import = 3
Editor requested this worker to shutdown with reason: Scaling down because of idle timeout
TcpMessagingSession - receive error: operation aborted. errorcode: 995, details: The I/O operation has been aborted because of either a thread exit or an application request.
AssetImportWorker is now disconnected from the server
Process exiting
Exiting without the bug reporter. Application will terminate with return code 0